<?xml version="1.0" encoding="UTF-8"?>
<!-- Generated by org.testng.reporters.JUnitReportReporter -->
<testsuite skipped="4" hostname="MPHILIPO" name="mobile.casestudy.test.testRunner" tests="5" failures="0" timestamp="2020-08-18T18:54:31 IST" time="114.811" errors="0">
  <testcase name="TC04_TakeChallenge" time="114.811" classname="mobile.casestudy.test.testRunner"/>
  <system-out/>
  <testcase name="TC03_LanguageSelection" classname="mobile.casestudy.test.testRunner">
    <skipped/>
  </testcase> <!-- TC03_LanguageSelection -->
  <system-out/>
  <testcase name="TC02_CourseSelection" classname="mobile.casestudy.test.testRunner">
    <skipped/>
  </testcase> <!-- TC02_CourseSelection -->
  <system-out/>
  <testcase name="TC01_Login" classname="mobile.casestudy.test.testRunner">
    <skipped/>
  </testcase> <!-- TC01_Login -->
  <system-out/>
  <testcase name="TC05_RunVideo" classname="mobile.casestudy.test.testRunner">
    <skipped/>
  </testcase> <!-- TC05_RunVideo -->
  <system-out/>
</testsuite> <!-- mobile.casestudy.test.testRunner -->
